#
# There is insufficient memory for the Java Runtime Environment to continue.
# Native memory allocation (malloc) failed to allocate 1048576 bytes for AllocateHeap
# Possible reasons:
#   The system is out of physical RAM or swap space
#   In 32 bit mode, the process size limit was hit
# Possible solutions:
#   Reduce memory load on the system
#   Increase physical memory or swap space
#   Check if swap backing store is full
#   Use 64 bit Java on a 64 bit OS
#   Decrease Java heap size (-Xmx/-Xms)
#   Decrease number of Java threads
#   Decrease Java thread stack sizes (-Xss)
#   Set larger code cache with -XX:ReservedCodeCacheSize=
# This output file may be truncated or incomplete.
#
#  Out of Memory Error (memory/allocation.inline.hpp:61), pid=20792, tid=0x00000000000057ac
#
# JRE version:  (8.0_144-b01) (build )
# Java VM: Java HotSpot(TM) 64-Bit Server VM (25.144-b01 mixed mode windows-amd64 compressed oops)
# Failed to write core dump. Minidumps are not enabled by default on client versions of Windows
#

---------------  T H R E A D  ---------------

Current thread (0x000000000523e800):  JavaThread "Unknown thread" [_thread_in_vm, id=22444, stack(0x0000000005240000,0x0000000005340000)]

Stack: [0x0000000005240000,0x0000000005340000]
[error occurred during error reporting (printing stack bounds), id 0xc0000005]

Native frames: (J=compiled Java code, j=interpreted, Vv=VM code, C=native code)


---------------  P R O C E S S  ---------------

Java Threads: ( => current thread )

Other Threads:

=>0x000000000523e800 (exited) JavaThread "Unknown thread" [_thread_in_vm, id=22444, stack(0x0000000005240000,0x0000000005340000)]

VM state:not at safepoint (normal execution)

VM Mutex/Monitor currently owned by a thread: None

Heap:
 PSYoungGen      total 37888K, used 655K [0x00000000d6500000, 0x00000000d8f00000, 0x0000000100000000)
  eden space 32768K, 2% used [0x00000000d6500000,0x00000000d65a3d80,0x00000000d8500000)
  from space 5120K, 0% used [0x00000000d8a00000,0x00000000d8a00000,0x00000000d8f00000)
  to   space 5120K, 0% used [0x00000000d8500000,0x00000000d8500000,0x00000000d8a00000)
 ParOldGen       total 86016K, used 0K [0x0000000082e00000, 0x0000000088200000, 0x00000000d6500000)
  object space 86016K, 0% used [0x0000000082e00000,0x0000000082e00000,0x0000000088200000)
 Metaspace       used 746K, capacity 4480K, committed 4480K, reserved 1056768K
  class space    used 75K, capacity 384K, committed 384K, reserved 1048576K

Card table byte_map: [0x0000000014800000,0x0000000014bf0000] byte_map_base: 0x00000000143e9000

Marking Bits: (ParMarkBitMap*) 0x0000000074b4d850
 Begin Bits: [0x0000000015290000, 0x00000000171d8000)
 End Bits:   [0x00000000171d8000, 0x0000000019120000)

Polling page: 0x0000000003880000

CodeCache: size=245760Kb used=328Kb max_used=328Kb free=245431Kb
 bounds [0x0000000005440000, 0x00000000056b0000, 0x0000000014440000]
 total_blobs=58 nmethods=0 adapters=38
 compilation: enabled

Compilation events (0 events):
No events

GC Heap History (0 events):
No events

Deoptimization events (0 events):
No events

Internal exceptions (0 events):
No events

Events (10 events):
Event: 0.111 loading class java/lang/Short
Event: 0.111 loading class java/lang/Short done
Event: 0.111 loading class java/lang/Integer
Event: 0.112 loading class java/lang/Integer done
Event: 0.112 loading class java/lang/Long
Event: 0.112 loading class java/lang/Long done
Event: 0.113 loading class java/lang/NullPointerException
Event: 0.113 loading class java/lang/NullPointerException done
Event: 0.113 loading class java/lang/ArithmeticException
Event: 0.113 loading class java/lang/ArithmeticException done


Dynamic libraries:
0x00007ff63c680000 - 0x00007ff63c6b7000 	C:\Program Files\Java\jre1.8.0_144\bin\javaw.exe
0x00007ffc1d610000 - 0x00007ffc1d7f0000 	C:\WINDOWS\SYSTEM32\ntdll.dll
0x00007ffc1ae30000 - 0x00007ffc1aede000 	C:\WINDOWS\System32\KERNEL32.DLL
0x00007ffc19a10000 - 0x00007ffc19c76000 	C:\WINDOWS\System32\KERNELBASE.dll
0x00007ffc1b080000 - 0x00007ffc1b121000 	C:\WINDOWS\System32\ADVAPI32.dll
0x00007ffc1aba0000 - 0x00007ffc1ac3d000 	C:\WINDOWS\System32\msvcrt.dll
0x00007ffc1aae0000 - 0x00007ffc1ab3b000 	C:\WINDOWS\System32\sechost.dll
0x00007ffc1b9b0000 - 0x00007ffc1bacf000 	C:\WINDOWS\System32\RPCRT4.dll
0x00007ffc1bae0000 - 0x00007ffc1bc6f000 	C:\WINDOWS\System32\USER32.dll
0x00007ffc1a620000 - 0x00007ffc1a640000 	C:\WINDOWS\System32\win32u.dll
0x00007ffc1c000000 - 0x00007ffc1c028000 	C:\WINDOWS\System32\GDI32.dll
0x00007ffc1a480000 - 0x00007ffc1a613000 	C:\WINDOWS\System32\gdi32full.dll
0x00007ffc1aa40000 - 0x00007ffc1aadb000 	C:\WINDOWS\System32\msvcp_win.dll
0x00007ffc1a940000 - 0x00007ffc1aa36000 	C:\WINDOWS\System32\ucrtbase.dll
0x00007ffc0d080000 - 0x00007ffc0d2e9000 	C:\WINDOWS\WinSxS\amd64_microsoft.windows.common-controls_6595b64144ccf1df_6.0.16299.371_none_15c7d1789365a290\COMCTL32.dll
0x00007ffc1bcf0000 - 0x00007ffc1bff8000 	C:\WINDOWS\System32\combase.dll
0x00007ffc1a6f0000 - 0x00007ffc1a762000 	C:\WINDOWS\System32\bcryptPrimitives.dll
0x00007ffc1b980000 - 0x00007ffc1b9ad000 	C:\WINDOWS\System32\IMM32.DLL
0x0000000074060000 - 0x0000000074132000 	C:\Program Files\Java\jre1.8.0_144\bin\msvcr100.dll
0x0000000074330000 - 0x0000000074bcd000 	C:\Program Files\Java\jre1.8.0_144\bin\server\jvm.dll
0x00007ffc1b970000 - 0x00007ffc1b978000 	C:\WINDOWS\System32\PSAPI.DLL
0x00007ffc17a30000 - 0x00007ffc17a53000 	C:\WINDOWS\SYSTEM32\WINMM.dll
0x00007ffc0f360000 - 0x00007ffc0f369000 	C:\WINDOWS\SYSTEM32\WSOCK32.dll
0x00007ffc17a00000 - 0x00007ffc17a2a000 	C:\WINDOWS\SYSTEM32\WINMMBASE.dll
0x00007ffc1ad60000 - 0x00007ffc1adcc000 	C:\WINDOWS\System32\WS2_32.dll
0x00007ffc19c80000 - 0x00007ffc19cca000 	C:\WINDOWS\System32\cfgmgr32.dll
0x00007ffc0d7a0000 - 0x00007ffc0d7aa000 	C:\WINDOWS\SYSTEM32\VERSION.dll
0x0000000074240000 - 0x000000007424f000 	C:\Program Files\Java\jre1.8.0_144\bin\verify.dll
0x0000000074210000 - 0x0000000074239000 	C:\Program Files\Java\jre1.8.0_144\bin\java.dll
0x00000000741f0000 - 0x0000000074206000 	C:\Program Files\Java\jre1.8.0_144\bin\zip.dll

VM Arguments:
jvm_args: -Dfile.encoding=Cp1252 
java_command: main.java.com.team15.ebrs.view.RepairStatusDialog
java_class_path (initial): C:\Program Files\Java\jre1.8.0_144\lib\resources.jar;C:\Program Files\Java\jre1.8.0_144\lib\rt.jar;C:\Program Files\Java\jre1.8.0_144\lib\jsse.jar;C:\Program Files\Java\jre1.8.0_144\lib\jce.jar;C:\Program Files\Java\jre1.8.0_144\lib\charsets.jar;C:\Program Files\Java\jre1.8.0_144\lib\jfr.jar;C:\Program Files\Java\jre1.8.0_144\lib\ext\access-bridge-64.jar;C:\Program Files\Java\jre1.8.0_144\lib\ext\cldrdata.jar;C:\Program Files\Java\jre1.8.0_144\lib\ext\dnsns.jar;C:\Program Files\Java\jre1.8.0_144\lib\ext\jaccess.jar;C:\Program Files\Java\jre1.8.0_144\lib\ext\jfxrt.jar;C:\Program Files\Java\jre1.8.0_144\lib\ext\localedata.jar;C:\Program Files\Java\jre1.8.0_144\lib\ext\nashorn.jar;C:\Program Files\Java\jre1.8.0_144\lib\ext\sunec.jar;C:\Program Files\Java\jre1.8.0_144\lib\ext\sunjce_provider.jar;C:\Program Files\Java\jre1.8.0_144\lib\ext\sunmscapi.jar;C:\Program Files\Java\jre1.8.0_144\lib\ext\sunpkcs11.jar;C:\Program Files\Java\jre1.8.0_144\lib\ext\zipfs.jar;C:\Users\marti\Team15ProjectAssigment\Project code\E-bike rental system\bin;C:\Users\marti\Team15ProjectAssigment\Project code\E-bike rental system\lib\mysql-connector-java-5.1.46.jar;C:\Users\marti\Team15ProjectAssigment\Project code\E-bike rental system\lib\mchange-commons-java-0.2.11.jar;C:\Users\marti\Team15ProjectAssigment\Project code\E-bike rental system\lib\c3p0-0.9.5.2.jar;C:\Users\marti\Team15ProjectAssigment\Project code\E-bike rental system\lib\commons-codec-1.11.jar;C:\Users\marti\Team15ProjectAssigment\Project code\E-bike rental system\lib\jcalendar-1.4.jar;C:\Users\marti\Team15ProjectAssigment\Project code\E-bike rental system\lib\JMapViewer.jar;C:\Users\marti\Team15ProjectAssigment\Project code\E-bike rental system\lib\javax.mail.jar;C:\Users\marti\Team15ProjectAssigment\Project code\E-bike rental system\lib\jfreechart-1.0.19.jar;C:\Users\marti\Team15ProjectAssigment\Project code\E-bike rental system\lib\jcommon-1.0.23.jar;C:\Users\marti\Team15ProjectAssigment\Project co
Launcher Type: SUN_STANDARD

Environment Variables:
JAVA_HOME=C:\Program Files (x86)\Java\jdk1.7.0_76
CLASSPATH=C:\Program Files\leJOS EV3\lib\ev3\ev3classes.jar;.;C:\JUnit\junit-4.12.jar;.;C:\JUnit\hamcrest-core-1.3.jar
PATH=C:/Program Files/Java/jre1.8.0_144/bin/server;C:/Program Files/Java/jre1.8.0_144/bin;C:/Program Files/Java/jre1.8.0_144/lib/amd64;C:\ProgramData\Oracle\Java\javapath;C:\WINDOWS\system32;C:\WINDOWS;C:\WINDOWS\System32\Wbem;C:\WINDOWS\System32\WindowsPowerShell\v1.0\;C:\Program Files (x86)\Windows Live\Shared;C:\Program Files\leJOS EV3\bin;"C:\Program Files (x86)\Java\jdk1.7.0_76\bin; C:\Program Files\leJOS EV3\bin;";C:\Program Files (x86)\Java\jdk1.7.0_76\bin;C:\Program Files (x86)\leJOS NXJ\bin;C:\jogl-2.1;C:\Program Files\Git\cmd;C:\Users\marti\AppData\Local\Microsoft\WindowsApps;;C:\Users\marti\Desktop;
USERNAME=marti
OS=Windows_NT
PROCESSOR_IDENTIFIER=Intel64 Family 6 Model 58 Stepping 9, GenuineIntel



---------------  S Y S T E M  ---------------

OS: Windows 10.0 , 64 bit Build 16299 (10.0.16299.15)

CPU:total 4 (initial active 4) (2 cores per cpu, 2 threads per core) family 6 model 58 stepping 9, cmov, cx8, fxsr, mmx, sse, sse2, sse3, ssse3, sse4.1, sse4.2, popcnt, avx, aes, clmul, erms, ht, tsc, tscinvbit, tscinv

Memory: 4k page, physical 8199448k(673500k free), swap 33365272k(4776k free)

vm_info: Java HotSpot(TM) 64-Bit Server VM (25.144-b01) for windows-amd64 JRE (1.8.0_144-b01), built on Jul 21 2017 21:57:33 by "java_re" with MS VC++ 10.0 (VS2010)

time: Sun Apr 22 11:21:56 2018
elapsed time: 0 seconds (0d 0h 0m 0s)

